<?xml version="1.0" encoding="UTF-8"?>
<testsuite xmlns:xsi="http://www.w3.org/2001/XMLSchema-instance" xsi:noNamespaceSchemaLocation="https://maven.apache.org/surefire/maven-surefire-plugin/xsd/surefire-test-report.xsd" name="emissionTests.EmissionTests" time="0.114" tests="3" errors="0" skipped="0" failures="0">
  <properties>
[...]
</properties>
  <testcase name="emissionTests.EmissionTests.testEmissionCalculationInKG" classname="emissionTests.EmissionTests" time="0.093"/>
  <testcase name="emissionTests.EmissionTests.testEmissionCalculationInGrams" classname="emissionTests.EmissionTests" time="0.001"/>
  <testcase name="emissionTests.EmissionTests.testIsOutputInKG" classname="emissionTests.EmissionTests" time="0.009"/>
</testsuite>